<?xml version="1.0" encoding="UTF-8"?>
<!-- Generated by org.testng.reporters.JUnitReportReporter -->
<testsuite hostname="DESKTOP-392CL3Q" failures="0" tests="2" name="rahulshattyacademy.mavenproject.APITest" time="0.016" errors="0" timestamp="2022-06-11T22:55:21 TRT" skipped="0">
  <testcase classname="rahulshattyacademy.mavenproject.APITest" name="APITest" time="0.014"/>
  <system-out/>
  <testcase classname="rahulshattyacademy.mavenproject.APITest" name="RestAPITest" time="0.002"/>
  <system-out/>
</testsuite> <!-- rahulshattyacademy.mavenproject.APITest -->
