<?xml version="1.0" encoding="UTF-8"?>
<!-- Generated by org.testng.reporters.JUnitReportReporter -->
<testsuite hostname="DESKTOP-392CL3Q" failures="0" tests="1" name="rahulshattyacademy.mavenproject.ExtentReportDemo" time="10.955" errors="0" timestamp="2022-06-04T12:06:42 TRT" skipped="0">
  <testcase classname="rahulshattyacademy.mavenproject.ExtentReportDemo" name="initialDemo" time="10.955"/>
  <system-out/>
</testsuite> <!-- rahulshattyacademy.mavenproject.ExtentReportDemo -->
