<?xml version="1.0" encoding="UTF-8"?>
<!-- Generated by org.testng.reporters.JUnitReportReporter -->
<testsuite hostname="DESKTOP-392CL3Q" failures="0" tests="2" name="rahulshattyacademy.mavenproject.APITest" time="0.016" errors="0" timestamp="2022-06-16T20:51:26 TRT" skipped="0">
  <testcase classname="rahulshattyacademy.mavenproject.APITest" name="RestAPITest" time="0.004"/>
  <system-out/>
  <testcase classname="rahulshattyacademy.mavenproject.APITest" name="APITest" time="0.012"/>
  <system-out/>
</testsuite> <!-- rahulshattyacademy.mavenproject.APITest -->
