<?xml version="1.0" encoding="UTF-8"?>
<!-- Generated by org.testng.reporters.JUnitReportReporter -->
<testsuite skipped="0" hostname="DESKTOP-392CL3Q" name="rahulshattyacademy.mavenproject.APITest" tests="2" failures="0" timestamp="2022-06-01T22:36:47 EET" time="0.015" errors="0">
  <testcase name="RestAPITest" time="0.002" classname="rahulshattyacademy.mavenproject.APITest"/>
  <system-out/>
  <testcase name="APITest" time="0.013" classname="rahulshattyacademy.mavenproject.APITest"/>
  <system-out/>
</testsuite> <!-- rahulshattyacademy.mavenproject.APITest -->
