<?xml version="1.0" encoding="UTF-8"?>
<!-- Generated by org.testng.reporters.JUnitReportReporter -->
<testsuite skipped="0" hostname="DESKTOP-392CL3Q" name="rahulshattyacademy.mavenproject.AppiumTest" tests="2" failures="0" timestamp="2022-06-01T22:36:47 EET" time="0.003" errors="0">
  <testcase name="NewAppiumTest" time="0.002" classname="rahulshattyacademy.mavenproject.AppiumTest"/>
  <system-out/>
  <testcase name="MobileTest" time="0.001" classname="rahulshattyacademy.mavenproject.AppiumTest"/>
  <system-out/>
</testsuite> <!-- rahulshattyacademy.mavenproject.AppiumTest -->
