<?xml version="1.0" encoding="UTF-8"?>
<!-- Generated by org.testng.reporters.JUnitReportReporter -->
<testsuite hostname="DESKTOP-392CL3Q" failures="0" tests="1" name="RSATest" time="72.861" errors="0" timestamp="2022-07-10T17:26:49 TRT" skipped="0">
  <testcase classname="RSATest" name="HomePageCheck" time="72.861"/>
  <system-out/>
</testsuite> <!-- RSATest -->
