<?xml version="1.0" encoding="UTF-8"?>
<!-- Generated by org.testng.reporters.JUnitReportReporter -->
<testsuite hostname="DESKTOP-392CL3Q" failures="0" tests="1" name="GoogleTest" time="29.549" errors="0" timestamp="2022-07-10T17:26:49 TRT" skipped="0">
  <testcase classname="GoogleTest" name="HomePageCheck" time="29.549"/>
  <system-out/>
</testsuite> <!-- GoogleTest -->
