<?xml version="1.0" encoding="UTF-8"?>
<!-- Generated by org.testng.reporters.JUnitReportReporter -->
<testsuite hostname="DESKTOP-392CL3Q" failures="0" tests="2" name="TestNGStart.TestNG" time="0.012" errors="0" timestamp="2022-05-28T12:01:58 TRT" skipped="0">
  <testcase classname="TestNGStart.TestNG" name="Demo" time="0.009"/>
  <system-out/>
  <testcase classname="TestNGStart.TestNG" name="SecondTest" time="0.003"/>
  <system-out/>
</testsuite> <!-- TestNGStart.TestNG -->
