<?xml version="1.0" encoding="UTF-8"?>
<!-- Generated by org.testng.reporters.JUnitReportReporter -->
<testsuite hostname="DESKTOP-392CL3Q" failures="0" tests="1" name="TestNGStart.SecondTest" time="0.002" errors="0" timestamp="2022-05-28T12:01:58 TRT" skipped="0">
  <testcase classname="TestNGStart.SecondTest" name="Second" time="0.002"/>
  <system-out/>
</testsuite> <!-- TestNGStart.SecondTest -->
