<?xml version="1.0" encoding="UTF-8"?>
<!-- Generated by org.testng.reporters.JUnitReportReporter -->
<testsuite hostname="DESKTOP-392CL3Q" failures="0" tests="1" name="tests.SecondTest" time="0.011" errors="0" timestamp="2022-05-28T14:02:01 TRT" skipped="0">
  <testcase classname="tests.SecondTest" name="Second" time="0.011"/>
  <system-out/>
</testsuite> <!-- tests.SecondTest -->
