<?xml version="1.0" encoding="UTF-8"?>
<!-- Generated by org.testng.reporters.JUnitReportReporter -->
<testsuite hostname="DESKTOP-392CL3Q" failures="0" tests="3" name="tests.ThirdTest" time="0.011" errors="0" timestamp="2022-05-28T14:05:07 TRT" skipped="0">
  <testcase classname="tests.ThirdTest" name="APISignout" time="0.003"/>
  <system-out/>
  <testcase classname="tests.ThirdTest" name="MobileSignout" time="0.001"/>
  <system-out/>
  <testcase classname="tests.ThirdTest" name="MobileSignin" time="0.007"/>
  <system-out/>
</testsuite> <!-- tests.ThirdTest -->
