<?xml version="1.0" encoding="UTF-8"?>
<!-- Generated by org.testng.reporters.JUnitReportReporter -->
<testsuite hostname="DESKTOP-392CL3Q" failures="0" tests="2" name="tests.FourthTest" time="0.010" errors="0" timestamp="2022-05-28T14:05:07 TRT" skipped="0">
  <testcase classname="tests.FourthTest" name="APILoginLoan" time="0.006"/>
  <system-out/>
  <testcase classname="tests.FourthTest" name="WebLoginLoan" time="0.004"/>
  <system-out/>
</testsuite> <!-- tests.FourthTest -->
