<?xml version="1.0" encoding="UTF-8"?>
<!-- Generated by org.testng.reporters.JUnitReportReporter -->
<testsuite hostname="DESKTOP-392CL3Q" failures="0" tests="1" name="TestCases.loginApp" time="18.693" errors="0" timestamp="2022-06-07T16:23:25 TRT" skipped="0">
  <testcase classname="TestCases.loginApp" name="Login" time="18.693"/>
  <system-out/>
</testsuite> <!-- TestCases.loginApp -->
